<?xml version="1.0" encoding="UTF-8"?>
<!-- Generated by org.testng.reporters.JUnitReportReporter -->
<testsuite hostname="DESKTOP-KSGEORJ" failures="0" tests="2" name="testcases.ProductTest" time="25.577" errors="0" timestamp="2023-06-21T15:44:05 BDT" skipped="0">
  <testcase classname="testcases.ProductTest" name="testFakeDataCreate" time="7.101"/>
  <system-out/>
  <testcase classname="testcases.ProductTest" name="checkProductPage" time="18.476"/>
  <system-out/>
</testsuite> <!-- testcases.ProductTest -->
