<?xml version="1.0" encoding="UTF-8"?>
<!-- Generated by org.testng.reporters.JUnitReportReporter -->
<testsuite hostname="DESKTOP-KSGEORJ" failures="0" tests="1" name="testcases.CartTest" time="43.810" errors="0" timestamp="2023-06-21T15:44:05 BDT" skipped="0">
  <testcase classname="testcases.CartTest" name="checkCartPage" time="43.810"/>
  <system-out/>
</testsuite> <!-- testcases.CartTest -->
