<?xml version="1.0" encoding="UTF-8"?>
<!-- Generated by org.testng.reporters.JUnitReportReporter -->
<testsuite hostname="DESKTOP-KSGEORJ" failures="0" tests="4" name="testcases.LoginTest" time="85.650" errors="0" timestamp="2023-06-21T15:44:05 BDT" skipped="0">
  <testcase classname="testcases.LoginTest" name="testLoginWithInvalidCredential" time="13.719"/>
  <system-out/>
  <testcase classname="testcases.LoginTest" name="testLoginWithInvalidCredential" time="11.612"/>
  <system-out/>
  <testcase classname="testcases.LoginTest" name="testLoginWithInvalidCredential" time="50.881"/>
  <system-out/>
  <testcase classname="testcases.LoginTest" name="testLoginWithValidCredentials" time="9.438"/>
  <system-out/>
</testsuite> <!-- testcases.LoginTest -->
